<?xml version="1.0" encoding="UTF-8"?>
<!-- Generated by org.testng.reporters.JUnitReportReporter -->
<testsuite hostname="DESKTOP-MQ07EBQ" failures="0" tests="2" name="api_tests.TestNGDemo" time="0.025" errors="0" timestamp="2024-04-07T13:30:07 MDT" skipped="0">
  <testcase classname="api_tests.TestNGDemo" name="demoTest" time="0.022"/>
  <testcase classname="api_tests.TestNGDemo" name="anotherTest" time="0.003"/>
</testsuite> <!-- api_tests.TestNGDemo -->
