<?xml version="1.0" encoding="UTF-8"?>
<!-- Generated by org.testng.reporters.JUnitReportReporter -->
<testsuite hostname="DESKTOP-MQ07EBQ" failures="0" tests="6" name="api_tests.Items_management_api" time="7.610" errors="0" timestamp="2024-04-16T13:50:17 MDT" skipped="0">
  <testcase classname="api_tests.Items_management_api" name="login_test" time="3.292"/>
  <testcase classname="api_tests.Items_management_api" name="delete_item" time="0.363"/>
  <testcase classname="api_tests.Items_management_api" name="list_all_items" time="1.785"/>
  <testcase classname="api_tests.Items_management_api" name="update_item" time="0.477"/>
  <testcase classname="api_tests.Items_management_api" name="get_item" time="0.657"/>
  <testcase classname="api_tests.Items_management_api" name="create_item" time="1.036"/>
</testsuite> <!-- api_tests.Items_management_api -->
