<?xml version="1.0" encoding="UTF-8"?>
<!-- Generated by org.testng.reporters.JUnitReportReporter -->
<testsuite hostname="DESKTOP-MQ07EBQ" failures="0" tests="1" name="api_tests.Items_Mngt_Improved" time="1.964" errors="0" timestamp="2024-04-01T22:15:15 MDT" skipped="0">
  <testcase classname="api_tests.Items_Mngt_Improved" name="login_test" time="1.964"/>
</testsuite> <!-- api_tests.Items_Mngt_Improved -->
